<?xml version="1.0" encoding="UTF-8"?>
<testsuite xmlns:xsi="http://www.w3.org/2001/XMLSchema-instance" xsi:noNamespaceSchemaLocation="https://maven.apache.org/surefire/maven-surefire-plugin/xsd/surefire-test-report-3.0.xsd" version="3.0" name="com.mylearning.actuator.SpringBootActautorApplicationTests" time="6.886" tests="1" errors="0" skipped="0" failures="0">
  <properties>
[...]
</properties>
  <testcase name="contextLoads" classname="com.mylearning.actuator.SpringBootActautorApplicationTests" time="1.629">
    <system-out><![CDATA[20:06:39.070 [main] INFO org.springframework.test.context.support.AnnotationConfigContextLoaderUtils -- Could not detect default configuration classes for test class [com.mylearning.actuator.SpringBootActautorApplicationTests]: SpringBootActautorApplicationTests does not declare any static, non-private, non-final, nested classes annotated with @Configuration.
20:06:39.266 [main] INFO org.springframework.boot.test.context.SpringBootTestContextBootstrapper -- Found @SpringBootConfiguration com.mylearning.actuator.SpringBootActuatorApplication for test class com.mylearning.actuator.SpringBootActautorApplicationTests

  .   ____          _            __ _ _
 /\\ / ___'_ __ _ _(_)_ __  __ _ \ \ \ \
( ( )\___ | '_ | '_| | '_ \/ _` | \ \ \ \
 \\/  ___)| |_)| | | | | || (_| |  ) ) ) )
  '  |____| .__|_| |_|_| |_\__, | / / / /
 =========|_|==============|___/=/_/_/_/

 :: Spring Boot ::                (v3.3.4)

2024-09-22T20:06:39.953+05:30  INFO 39171 --- [Spring-Boot-Actuator] [           main] c.m.a.SpringBootActautorApplicationTests : Starting SpringBootActautorApplicationTests using Java 17.0.1 with PID 39171 (started by prashantkumartiwary in /Users/prashantkumartiwary/IdeaProjects/Spring Boot and Microservices /Spring Boot/Spring-Boot-Actuator)
2024-09-22T20:06:39.957+05:30  INFO 39171 --- [Spring-Boot-Actuator] [           main] c.m.a.SpringBootActautorApplicationTests : No active profile set, falling back to 1 default profile: "default"
2024-09-22T20:06:43.682+05:30  INFO 39171 --- [Spring-Boot-Actuator] [           main] o.s.b.a.e.web.EndpointLinksResolver      : Exposing 15 endpoints beneath base path '/details'
2024-09-22T20:06:43.783+05:30  INFO 39171 --- [Spring-Boot-Actuator] [           main] c.m.a.SpringBootActautorApplicationTests : Started SpringBootActautorApplicationTests in 4.317 seconds (process running for 6.201)
]]></system-out>
  </testcase>
</testsuite>